0:100  0:100  MemLog inited, TSC freq: 4008540350
0:100  0:000  CPU was calibrated without ACPI PM Timer: ACPI I/O space is not enabled., use RTC
0:100  0:000  
0:100  0:000  Now is 21.8.2017,  1:13:36 (GMT)
0:100  0:000  Starting Clover revision: 4063 on American Megatrends EFI
0:100  0:000  Build with: [Args: -mc --no-usb -D NO_GRUB_DRIVERS_EMBEDDED -D CHECK_FLAGS -t XCODE8 | -D DISABLE_USB_SUPPORT -D NO_GRUB_DRIVERS_EMBEDDED -D CHECK_FLAGS -D USE_BIOS_BLOCKIO -D USE_LOW_EBDA -a X64 -b RELEASE -t XCODE8 -n 9 | OS: 10.12.4 | XCODE: 8.3.2]
0:100  0:000  SelfDevicePath=PciRoot(0x0)\Pci(0x17,0x0)\Sata(0x2,0xFFFF,0x0)\HD(1,GPT,C3AE83EF-2190-4258-A5F6-F87726327C47,0x28,0x64000) @C671B298
0:100  0:000  SelfDirPath = \EFI\BOOT
0:103  0:002  === [ Get Smbios ] ========================================
0:103  0:000  Type 16 Index = 0
0:103  0:000  Total Memory Slots Count = 4
0:103  0:000  Type 17 Index = 0
0:103  0:000  Ignoring insane frequency value 0MHz
0:103  0:000  SmbiosTable.Type17->Speed = 0MHz
0:103  0:000  SmbiosTable.Type17->Size = 0MB
0:103  0:000  SmbiosTable.Type17->Bank/Device = BANK 0 ChannelA-DIMM0
0:103  0:000  SmbiosTable.Type17->Vendor = <null string>
0:103  0:000  SmbiosTable.Type17->SerialNumber = <null string>
0:103  0:000  SmbiosTable.Type17->PartNumber = <null string>
0:103  0:000  Type 17 Index = 1
0:103  0:000  Ignoring insane frequency value 0MHz
0:103  0:000  SmbiosTable.Type17->Speed = 0MHz
0:103  0:000  SmbiosTable.Type17->Size = 0MB
0:103  0:000  SmbiosTable.Type17->Bank/Device = BANK 1 ChannelA-DIMM1
0:103  0:000  SmbiosTable.Type17->Vendor = <null string>
0:103  0:000  SmbiosTable.Type17->SerialNumber = <null string>
0:103  0:000  SmbiosTable.Type17->PartNumber = <null string>
0:103  0:000  Type 17 Index = 2
0:103  0:000  SmbiosTable.Type17->Speed = 2400MHz
0:103  0:000  SmbiosTable.Type17->Size = 16384MB
0:103  0:000  SmbiosTable.Type17->Bank/Device = BANK 2 ChannelB-DIMM0
0:103  0:000  SmbiosTable.Type17->Vendor = Kingston
0:103  0:000  SmbiosTable.Type17->SerialNumber = 9E208791
0:103  0:000  SmbiosTable.Type17->PartNumber = 9905625-075.A00G    
0:103  0:000  Type 17 Index = 3
0:103  0:000  Ignoring insane frequency value 0MHz
0:103  0:000  SmbiosTable.Type17->Speed = 0MHz
0:103  0:000  SmbiosTable.Type17->Size = 0MB
0:103  0:000  SmbiosTable.Type17->Bank/Device = BANK 3 ChannelB-DIMM1
0:103  0:000  SmbiosTable.Type17->Vendor = <null string>
0:103  0:000  SmbiosTable.Type17->SerialNumber = <null string>
0:103  0:000  SmbiosTable.Type17->PartNumber = <null string>
0:103  0:000  Boot status=0
0:103  0:000  Running on: 'Z270-HD3' with board 'Z270-HD3-CF'
0:103  0:000  === [ GetCPUProperties ] ==================================
0:103  0:000  CPU Vendor = 756E6547 Model=506E3
0:103  0:000   The CPU supported SSE4.1
0:103  0:000  The CPU supported turbo
0:103  0:000  BrandString = Intel(R) Core(TM) i7-6700K CPU @ 4.00GHz
0:103  0:000   TSC/CCC Information Leaf:
0:103  0:000    numerator     : 334
0:103  0:000    denominator   : 2
0:103  0:000   Calibrated ARTFrequency: 24003235
0:103  0:000  MSR 0xE2 before patch 1E008006
0:103  0:000  MSR 0xE2 is locked, PM patches will be turned on
0:103  0:000  MSR 0xCE              00080838_F1012800
0:103  0:000  MSR 0x1A0             00850089
0:103  0:000  corrected FLEX_RATIO = E0000
0:103  0:000  FSBFrequency = 100 MHz, DMI FSBFrequency = 100 MHz, Corrected FSBFrequency = 100 MHz
0:103  0:000  MaxDiv/MinDiv: 40.0/8
0:103  0:000  Turbo: 40/40/40/42
0:103  0:000  Features: 0xBFEBFBFF
0:103  0:000  Threads: 8
0:103  0:000  Cores: 4
0:103  0:000  FSB: 25 MHz
0:103  0:000  CPU: 4000 MHz
0:103  0:000  TSC: 4000 MHz
0:103  0:000  PIS: 100 MHz
0:103  0:000  === [ GetDevices ] ========================================
0:103  0:000  PCI (00|00:00.00) : 8086 191F class=060000
0:103  0:000  PCI (00|00:02.00) : 8086 1912 class=030000
0:103  0:000   - GFX: Model=Intel HD Graphics 530 (Intel)
0:103  0:000  PCI (00|00:08.00) : 8086 1911 class=088000
0:103  0:000  PCI (00|00:14.00) : 8086 A2AF class=0C0330
0:103  0:000  PCI (00|00:16.00) : 8086 A2BA class=078000
0:103  0:000  PCI (00|00:17.00) : 8086 A282 class=010601
0:103  0:000  PCI (00|00:1B.00) : 8086 A2E7 class=060400
0:103  0:000  PCI (00|00:1B.02) : 8086 A2E9 class=060400
0:103  0:000  PCI (00|02:00.00) : 14E4 43BA class=028000
0:103  0:000   - WIFI: Vendor=Broadcom
0:103  0:000  PCI (00|00:1B.03) : 8086 A2EA class=060400
0:103  0:000  PCI (00|00:1B.04) : 8086 A2EB class=060400
0:103  0:000  PCI (00|00:1C.00) : 8086 A290 class=060400
0:103  0:000  PCI (00|00:1C.02) : 8086 A292 class=060400
0:103  0:000  PCI (00|06:00.00) : 1283 8892 class=060401
0:103  0:000  PCI (00|00:1C.04) : 8086 A294 class=060400
0:103  0:000  PCI (00|00:1D.00) : 8086 A298 class=060400
0:103  0:000  PCI (00|00:1F.00) : 8086 A2C5 class=060100
0:103  0:000  PCI (00|00:1F.02) : 8086 A2A1 class=058000
0:103  0:000  PCI (00|00:1F.03) : 8086 A2F0 class=040300
0:103  0:000  PCI (00|00:1F.04) : 8086 A2A3 class=0C0500
0:103  0:000  PCI (00|00:1F.06) : 8086 15B8 class=020000
0:103  0:000   - LAN: 0 Vendor=Intel
0:103  0:000  === [ GetDefaultSettings ] ================================
0:103  0:000  Clover load options size = 0 bytes
0:111  0:008  EFI\CLOVER\config.plist loaded: Success
0:111  0:000  === [ GetListOfThemes ] ===================================
0:112  0:000  - [00]: embedded
0:115  0:003  - [00]: random
0:119  0:003  - [00]: tonymacx86
0:123  0:004  === [ Found config plists ] ===============================
0:125  0:001  - config.plist
0:126  0:001  - config copy.plist
0:127  0:000  === [ GetEarlyUserSettings ] ==============================
0:127  0:000  timeout set to 3
0:127  0:000  Custom boot CUSTOM_BOOT_DISABLED (0x0)
0:127  0:000  FakeCPUID: 506E3
0:127  0:000  KextsToPatch: 6 requested
0:127  0:000   - [00]: AppleAHCIPort (External icons patch) :: BinPatch :: data len: 8
0:127  0:000   - [01]: com.apple.driver.usb.AppleUSBXHCIPCI (change 15 port limit to 26 in XHCI kext (100/200-series)) :: MatchOS: 10.12.x :: BinPatch :: data len: 7
0:127  0:000   - [02]: AppleIntelSKLGraphicsFramebuffer (10.12-SKL-1912000-4_displays) :: MatchOS: 10.12.x :: BinPatch :: data len: 8
0:127  0:000   - [03]: AppleHDA (10.12-AppleHDA/Realtek ALC...) :: BinPatch :: data len: 4
0:127  0:000   - [04]: AppleHDA (10.12-AppleHDA/Realtek ALC1220) :: BinPatch :: data len: 4
0:127  0:000   - [05]: AppleHDA (AppleHDA/Resources/xml>zml) :: BinPatch :: data len: 6
0:127  0:000  Default theme: tonymacx86
0:127  0:000  Hiding entries with string Windows
0:127  0:000  Hiding entries with string \EFI\BOOT\BOOTX64.EFI
0:127  0:000  === [ LoadDrivers ] =======================================
0:128  0:001  Loading AppleImageCodec-64.efi  status=Success
0:134  0:006  Loading AppleKeyAggregator-64.efi  status=Success
0:139  0:004  Loading AppleUITheme-64.efi  status=Success
0:143  0:004  Loading DataHubDxe-64.efi  status=Success
0:149  0:005  Loading FirmwareVolume-64.efi  status=Success
0:153  0:004  Loading FSInject-64.efi  status=Success
0:158  0:005  Loading OsxAptioFix2Drv-64.efi  status=Success
0:162  0:004  Loading OsxFatBinaryDrv-64.efi  status=Success
0:167  0:004  Loading SMCHelper-64.efi  status=Success
0:171  0:004  Loading VBoxHfs-64.efi  status=Success
0:176  0:004   - driver needs connecting
0:177  0:000  1 drivers needs connecting ...
0:177  0:000  PlatformDriverOverrideProtocol->GetDriver overriden
0:177  0:000  Searching for invalid DiskIo BY_DRIVER connects: not found, all ok
0:362  0:185  === [ InitScreen ] ========================================
0:362  0:000  Console modes reported: 2, available modes:
0:362  0:000   - [01]: 80x25 (current mode)
0:362  0:000   - [02]: 80x50
0:362  0:000  reinit: self device path=PciRoot(0x0)\Pci(0x17,0x0)\Sata(0x2,0xFFFF,0x0)\HD(1,GPT,C3AE83EF-2190-4258-A5F6-F87726327C47,0x28,0x64000)
0:365  0:003  Using embedded font: Success
0:366  0:000  === [ GetMacAddress ] =====================================
0:366  0:000  === [ ScanSPD ] ===========================================
0:366  0:000  SMBus device : 8086 A2A3 class=0C0500 status=Success
0:366  0:000  SMBus CmdReg: 0x1
0:366  0:000  Scanning SMBus [8086:A2A3], mmio: 0xF754A004, ioport: 0xF040, hostc: 0x11
0:366  0:000  Slots to scan [8]...
0:367  0:000  SPD[2]: Type 12 @0x52
0:385  0:017  DDR speed 2400MHz
0:385  0:000  Slot: 2 Type 26 16384MB 2400MHz Vendor=Kingston PartNo=9905625-075.A00G SerialNo=090E020008070901
0:385  0:000  === [ GetAcpiTablesList ] =================================
0:385  0:000  Get Acpi Tables List from RSDT:
0:385  0:000   - [00]: FACP  A M I  len=132
0:385  0:000   - [01]: APIC  A M I  len=188
0:385  0:000   - [02]: FPDT  A M I  len=68
0:385  0:000   - [03]: MCFG  A M I  len=60
0:385  0:000   - [04]: FIDT  A M I len=156
0:385  0:000   - [05]: SSDT  SaSsdt  len=12628
0:385  0:000   - [06]: SSDT  PegSsdt len=9540
0:385  0:000   - [07]: HPET  SKL len=56
0:385  0:000   - [08]: SSDT  Ther_Rvp len=3643
0:385  0:000   - [09]: SSDT  xh_rvp10 len=2303
0:385  0:000   - [10]: UEFI  EDK2     len=66
0:385  0:000   - [11]: SSDT  CpuSsdt len=3806
0:385  0:000   - [12]: LPIT  SKL len=148
0:385  0:000   - [13]: WSMT  SKL len=40
0:385  0:000   - [14]: SSDT  sensrhub len=671
0:385  0:000   - [15]: SSDT  PtidDevc len=12290
0:385  0:000   - [16]: DBGP   len=52
0:385  0:000   - [17]: DBG2   len=84
0:385  0:000  Calibrated TSC frequency =4008540350 =4008MHz
0:385  0:000  === [ GetUserSettings ] ===================================
0:385  0:000  Add 1 properties:
0:385  0:000   - [00]: IntelGFX, len: 4
0:385  0:000  USB FixOwnership: no
0:385  0:000   - final DSDT Fix mask=00000004
0:385  0:000  PatchesDSDT: 1 requested
0:385  0:000   - [00]: (Rename HDAS to HDEF) lenToFind: 4, lenToReplace: 4
0:385  0:000  ChassisType: 0x13
0:389  0:003  === [ ScanVolumes ] =======================================
0:389  0:000  Found 8 volumes with blockIO
0:389  0:000  - [00]: Volume: PciRoot(0x0)\Pci(0x17,0x0)\Sata(0x2,0xFFFF,0x0)
0:389  0:000  - [01]: Volume: PciRoot(0x0)\Pci(0x17,0x0)\Sata(0x3,0xFFFF,0x0)
0:390  0:000  - [02]: Volume: PciRoot(0x0)\Pci(0x17,0x0)\Sata(0x2,0xFFFF,0x0)\HD(1,GPT,C3AE83EF-2190-4258-A5F6-F87726327C47,0x28,0x64000)
0:390  0:000          Result of bootcode detection: bootable unknown (legacy)
0:392  0:001          This is SelfVolume !!
0:392  0:000  - [03]: Volume: PciRoot(0x0)\Pci(0x17,0x0)\Sata(0x2,0xFFFF,0x0)\HD(2,GPT,3C426EA6-4A3C-4C2D-BB81-6B52E6CE7745,0x64028,0xDDFAC40)
0:393  0:000  - [04]: Volume: PciRoot(0x0)\Pci(0x17,0x0)\Sata(0x2,0xFFFF,0x0)\HD(3,GPT,0765DEBE-31FB-4DFA-B921-0642EB9A4DE7,0xDE5EC68,0x135F20)
0:393  0:000  - [05]: Volume: PciRoot(0x0)\Pci(0x17,0x0)\Sata(0x3,0xFFFF,0x0)\HD(1,GPT,4BEC4D12-843C-4C67-9668-33F6FBC55336,0x28,0x64000)
0:394  0:000          Result of bootcode detection: bootable unknown (legacy)
0:396  0:001  - [06]: Volume: PciRoot(0x0)\Pci(0x17,0x0)\Sata(0x3,0xFFFF,0x0)\HD(2,GPT,B2C465D2-1CEF-440C-8A49-2DA4E1D214AA,0x64028,0x5D0F8BB0)
0:396  0:000  - [07]: Volume: PciRoot(0x0)\Pci(0x17,0x0)\Sata(0x3,0xFFFF,0x0)\HD(3,GPT,48A30446-078A-4360-90BF-E012CF7778CE,0x5D19CBD8,0x1752A1B0)
0:397  0:000  === [ InitTheme ] =========================================
0:401  0:003  Using theme 'tonymacx86' (EFI\CLOVER\themes\tonymacx86)
0:401  0:000  Loading font from ThemeDir: Error
0:402  0:001  Choosing theme tonymacx86
0:403  0:000  after NVRAM boot-args=dart=0
0:403  0:000  Scanning legacy ...
0:403  0:000  === [ Dump SMC keys from NVRAM ] ==========================
0:403  0:000  found AppleSMC protocol
0:459  0:056  === [ ScanLoader ] ========================================
0:459  0:000  - [02]: 'EFI'
0:469  0:010  - [03]: 'Macintosh HD'
0:479  0:009          AddLoaderEntry for Volume Name=Macintosh HD
0:484  0:005      Check if volume Is Hibernated:
0:484  0:000      Check sleep image 'by signature':
0:502  0:017      read prefs \Library\Preferences\com.apple.PowerManagement.plist status=Success
0:502  0:000      using default sleep image name = \private\var\vm\sleepimage
0:510  0:008      sleepimage not found -> Not Found
0:510  0:000      hibernated: no - sign
0:523  0:012  - [04]: 'Recovery HD'
0:524  0:001          AddLoaderEntry for Volume Name=Recovery HD
0:532  0:007  - [05]: 'EFI'
0:542  0:010  - [06]: 'Document'
0:574  0:031  - [07]: 'Time Machine'
0:604  0:029  === [ AddCustomTool ] =====================================
0:608  0:004  found tool \EFI\CLOVER\tools\Shell64U.efi
0:608  0:000  Checking EFI partition Volume 2 for Clover
0:612  0:003   Found Clover
0:625  0:013  === [ GetEfiBootDeviceFromNvram ] =========================
0:626  0:000   - found entry 0. 'Boot macOS from Macintosh HD', Volume 'Macintosh HD', DevicePath 'PciRoot(0x0)\Pci(0x17,0x0)\Sata(0x2,0xFFFF,0x0)\HD(2,GPT,3C426EA6-4A3C-4C2D-BB81-6B52E6CE7745,0x64028,0xDDFAC40)\System\Library\CoreServices\boot.efii'
0:626  0:000  DefaultIndex=0 and MainMenu.EntryCount=8
1:627  1:001  GUI ready
